<?xml version="1.0" encoding="UTF-8"?>
<!-- Generated by org.testng.reporters.JUnitXMLReporter -->
<testsuite ignored="0" hostname="LAPTOP-T1I92P3T" failures="0" tests="2" name="Test Templates" time="139.537" errors="0" timestamp="2022-07-11T11:13:57 IST">
  <testcase classname="com.axess.ai.automation.testcases.TemplatesPageTest" name="validateTemplates" time="15.781"/>
  <testcase classname="com.axess.ai.automation.testcases.TemplatesPageTest" name="validateNetworkTemplate" time="109.917"/>
</testsuite> <!-- Test Templates -->
