<?xml version="1.0" encoding="UTF-8"?>
<!-- Generated by org.testng.reporters.JUnitXMLReporter -->
<testsuite ignored="0" hostname="LAPTOP-T1I92P3T" failures="0" tests="4" name="Test Login" time="13.974" errors="0" timestamp="2022-07-11T13:30:09 IST">
  <testcase classname="com.axess.ai.automation.testcases.LoginPageTest" name="validateUrl" time="0.05"/>
  <testcase classname="com.axess.ai.automation.testcases.LoginPageTest" name="loginwithcredentials" time="4.315"/>
  <testcase classname="com.axess.ai.automation.testcases.LoginPageTest" name="validateclickOnLogin" time="5.134"/>
  <testcase classname="com.axess.ai.automation.testcases.LoginPageTest" name="validateTitle" time="0.017"/>
</testsuite> <!-- Test Login -->
