<?xml version="1.0" encoding="UTF-8"?>
<!-- Generated by org.testng.reporters.JUnitXMLReporter -->
<testsuite ignored="0" hostname="LAPTOP-T1I92P3T" failures="0" tests="4" name="Test Login" time="15.215" errors="0" timestamp="2022-07-11T11:11:37 IST">
  <testcase classname="com.axess.ai.automation.testcases.LoginPageTest" name="validateUrl" time="0.065"/>
  <testcase classname="com.axess.ai.automation.testcases.LoginPageTest" name="loginwithcredentials" time="4.338"/>
  <testcase classname="com.axess.ai.automation.testcases.LoginPageTest" name="validateclickOnLogin" time="5.136"/>
  <testcase classname="com.axess.ai.automation.testcases.LoginPageTest" name="validateTitle" time="0.015"/>
</testsuite> <!-- Test Login -->
