<?xml version="1.0" encoding="UTF-8"?>
<!-- Generated by org.testng.reporters.JUnitXMLReporter -->
<testsuite ignored="0" hostname="DESKTOP-R70CA4D" failures="0" tests="3" name="Test Access Control" time="16.103" errors="0" timestamp="2021-12-14T20:07:10 IST">
  <testcase classname="com.axess.ai.automation.testcases.AccessControlPageTest" name="validateClickOnSystemUserModule" time="3.504"/>
  <testcase classname="com.axess.ai.automation.testcases.AccessControlPageTest" name="validatePageHeading" time="2.084"/>
  <testcase classname="com.axess.ai.automation.testcases.AccessControlPageTest" name="validatePageUrl" time="2.02"/>
</testsuite> <!-- Test Access Control -->
