<?xml version="1.0" encoding="UTF-8"?>
<!-- Generated by org.testng.reporters.JUnitXMLReporter -->
<testsuite ignored="0" hostname="DESKTOP-R70CA4D" failures="0" tests="3" name="Test Locations" time="12.409" errors="0" timestamp="2021-12-14T19:54:29 IST">
  <testcase classname="com.axess.ai.automation.testcases.LocationPageTest" name="validateClickOnLocationModule" time="2.341"/>
  <testcase classname="com.axess.ai.automation.testcases.LocationPageTest" name="validateCurrentUrl" time="0.011"/>
  <testcase classname="com.axess.ai.automation.testcases.LocationPageTest" name="validatePageHeading" time="1.042"/>
</testsuite> <!-- Test Locations -->
