<?xml version="1.0" encoding="UTF-8"?>
<!-- Generated by org.testng.reporters.JUnitXMLReporter -->
<testsuite ignored="0" hostname="DESKTOP-R70CA4D" failures="0" tests="15" name="Test Dashboard" time="39.542" errors="0" timestamp="2021-12-14T19:52:27 IST">
  <testcase classname="com.axess.ai.automation.testcases.DashboardPageTest" name="validatePageTitle" time="2.406"/>
  <testcase classname="com.axess.ai.automation.testcases.DashboardPageTest" name="validatePageUrl" time="2.044"/>
  <testcase classname="com.axess.ai.automation.testcases.DashboardPageTest" name="validateAccessManagerModule" time="1.107"/>
  <testcase classname="com.axess.ai.automation.testcases.DashboardPageTest" name="validateDeviceAndModule" time="3.083"/>
  <testcase classname="com.axess.ai.automation.testcases.DashboardPageTest" name="validateHelpAndFeedbackModule" time="1.088"/>
  <testcase classname="com.axess.ai.automation.testcases.DashboardPageTest" name="validateLocationModule" time="3.083"/>
  <testcase classname="com.axess.ai.automation.testcases.DashboardPageTest" name="validateMapModule" time="1.1"/>
  <testcase classname="com.axess.ai.automation.testcases.DashboardPageTest" name="validatePageHeading" time="2.081"/>
  <testcase classname="com.axess.ai.automation.testcases.DashboardPageTest" name="validateReportAndAnalyticsModule" time="1.088"/>
  <testcase classname="com.axess.ai.automation.testcases.DashboardPageTest" name="validateRuleEngineModule" time="3.079"/>
  <testcase classname="com.axess.ai.automation.testcases.DashboardPageTest" name="validateSiteSettingModule" time="1.087"/>
  <testcase classname="com.axess.ai.automation.testcases.DashboardPageTest" name="validateSystemUserModule" time="3.086"/>
  <testcase classname="com.axess.ai.automation.testcases.DashboardPageTest" name="validateRootLocation" time="3.17"/>
  <testcase classname="com.axess.ai.automation.testcases.DashboardPageTest" name="validateLogoutdropdown" time="1.166"/>
  <testcase classname="com.axess.ai.automation.testcases.DashboardPageTest" name="validateLogoutLink" time="2.16"/>
</testsuite> <!-- Test Dashboard -->
