<?xml version="1.0" encoding="UTF-8"?>
<!-- Generated by org.testng.reporters.JUnitXMLReporter -->
<testsuite ignored="0" hostname="DESKTOP-R70CA4D" failures="0" tests="11" name="Test SystemUsers" time="109.447" errors="0" timestamp="2021-12-14T19:54:16 IST">
  <testcase classname="com.axess.ai.automation.testcases.SystemUsersPageTest" name="validateClickOnSystemUserModule" time="2.499"/>
  <testcase classname="com.axess.ai.automation.testcases.SystemUsersPageTest" name="validatePageHeading" time="1.042"/>
  <testcase classname="com.axess.ai.automation.testcases.SystemUsersPageTest" name="validatePageUrl" time="0.02"/>
  <testcase classname="com.axess.ai.automation.testcases.SystemUsersPageTest" name="validateAPIKeys" time="2.219"/>
  <testcase classname="com.axess.ai.automation.testcases.SystemUsersPageTest" name="validateAdministratorUser" time="3.171"/>
  <testcase classname="com.axess.ai.automation.testcases.SystemUsersPageTest" name="validateadminexistingRoles" time="15.473"/>
  <testcase classname="com.axess.ai.automation.testcases.SystemUsersPageTest" name="validateInstallationUser" time="5.166"/>
  <testcase classname="com.axess.ai.automation.testcases.SystemUsersPageTest" name="validateOrganizationUser" time="5.176"/>
  <testcase classname="com.axess.ai.automation.testcases.SystemUsersPageTest" name="validateAllUsers" time="5.203"/>
  <testcase classname="com.axess.ai.automation.testcases.SystemUsersPageTest" name="validateManageRoles" time="6.325"/>
  <testcase classname="com.axess.ai.automation.testcases.SystemUsersPageTest" name="validateAddNewUserAndDelete" time="54.244"/>
</testsuite> <!-- Test SystemUsers -->
