<?xml version="1.0" encoding="UTF-8"?>
<!-- Generated by org.testng.reporters.JUnitXMLReporter -->
<testsuite ignored="0" hostname="DESKTOP-R70CA4D" failures="0" tests="3" name="Test Entities" time="25.897" errors="0" timestamp="2021-12-14T20:06:54 IST">
  <testcase classname="com.axess.ai.automation.testcases.EntitiesPageTest" name="validateEntities" time="15.245"/>
  <testcase classname="com.axess.ai.automation.testcases.EntitiesPageTest" name="validateCurrentUrl" time="1.025"/>
  <testcase classname="com.axess.ai.automation.testcases.EntitiesPageTest" name="validatePageHeading" time="1.058"/>
</testsuite> <!-- Test Entities -->
